{"$message_type":"diagnostic","message":"unresolved import `MockTcpStream`","code":{"code":"E0432","explanation":"An import was unresolved.\n\nErroneous code example:\n\n```compile_fail,E0432\nuse something::Foo; // error: unresolved import `something::Foo`.\n```\n\nIn Rust 2015, paths in `use` statements are relative to the crate root. To\nimport items relative to the current and parent modules, use the `self::` and\n`super::` prefixes, respectively.\n\nIn Rust 2018 or later, paths in `use` statements are relative to the current\nmodule unless they begin with the name of a crate or a literal `crate::`, in\nwhich case they start from the crate root. As in Rust 2015 code, the `self::`\nand `super::` prefixes refer to the current and parent modules respectively.\n\nAlso verify that you didn't misspell the import name and that the import exists\nin the module from where you tried to import it. Example:\n\n```\nuse self::something::Foo; // Ok.\n\nmod something {\n    pub struct Foo;\n}\n# fn main() {}\n```\n\nIf you tried to use a module from an external crate and are using Rust 2015,\nyou may have missed the `extern crate` declaration (which is usually placed in\nthe crate root):\n\n```edition2015\nextern crate core; // Required to use the `core` crate in Rust 2015.\n\nuse core::any;\n# fn main() {}\n```\n\nSince Rust 2018 the `extern crate` declaration is not required and\nyou can instead just `use` it:\n\n```edition2018\nuse core::any; // No extern crate required in Rust 2018.\n# fn main() {}\n```\n"},"level":"error","spans":[{"file_name":"src/lib.rs","byte_start":2028,"byte_end":2041,"line_start":74,"line_end":74,"column_start":9,"column_end":22,"is_primary":true,"text":[{"text":"    use MockTcpStream::poll_read;","highlight_start":9,"highlight_end":22}],"label":"`MockTcpStream` is a struct, not a module","suggested_replacement":null,"suggestion_applicability":null,"expansion":null}],"children":[],"rendered":"\u001b[0m\u001b[1m\u001b[38;5;9merror[E0432]\u001b[0m\u001b[0m\u001b[1m: unresolved import `MockTcpStream`\u001b[0m\n\u001b[0m  \u001b[0m\u001b[0m\u001b[1m\u001b[38;5;12m--> \u001b[0m\u001b[0msrc/lib.rs:74:9\u001b[0m\n\u001b[0m   \u001b[0m\u001b[0m\u001b[1m\u001b[38;5;12m|\u001b[0m\n\u001b[0m\u001b[1m\u001b[38;5;12m74\u001b[0m\u001b[0m \u001b[0m\u001b[0m\u001b[1m\u001b[38;5;12m|\u001b[0m\u001b[0m \u001b[0m\u001b[0m    use MockTcpStream::poll_read;\u001b[0m\n\u001b[0m   \u001b[0m\u001b[0m\u001b[1m\u001b[38;5;12m| \u001b[0m\u001b[0m        \u001b[0m\u001b[0m\u001b[1m\u001b[38;5;9m^^^^^^^^^^^^^\u001b[0m\u001b[0m \u001b[0m\u001b[0m\u001b[1m\u001b[38;5;9m`MockTcpStream` is a struct, not a module\u001b[0m\n\n"}
{"$message_type":"diagnostic","message":"method `poll_read` has a `self: Pin<&mut Self>` declaration in the trait, but not in the impl","code":{"code":"E0186","explanation":"An associated function for a trait was defined to be a method (i.e., to take a\n`self` parameter), but an implementation of the trait declared the same function\nto be static.\n\nErroneous code example:\n\n```compile_fail,E0186\ntrait Foo {\n    fn foo(&self);\n}\n\nstruct Bar;\n\nimpl Foo for Bar {\n    // error, method `foo` has a `&self` declaration in the trait, but not in\n    // the impl\n    fn foo() {}\n}\n```\n\nWhen a type implements a trait's associated function, it has to use the same\nsignature. So in this case, since `Foo::foo` takes `self` as argument and\ndoes not return anything, its implementation on `Bar` should be the same:\n\n```\ntrait Foo {\n    fn foo(&self);\n}\n\nstruct Bar;\n\nimpl Foo for Bar {\n    fn foo(&self) {} // ok!\n}\n```\n"},"level":"error","spans":[{"file_name":"src/lib.rs","byte_start":312,"byte_end":442,"line_start":16,"line_end":20,"column_start":5,"column_end":36,"is_primary":true,"text":[{"text":"    fn poll_read(","highlight_start":5,"highlight_end":18},{"text":"        mut cx: Pin<&mut Self>,","highlight_start":1,"highlight_end":32},{"text":"        _: &mut Context,","highlight_start":1,"highlight_end":25},{"text":"        buf: &mut [u8],","highlight_start":1,"highlight_end":24},{"text":"    ) -> Poll<Result<usize, Error>> {","highlight_start":1,"highlight_end":36}],"label":"expected `self: Pin<&mut Self>` in impl","suggested_replacement":null,"suggestion_applicability":null,"expansion":null}],"children":[{"message":"`poll_read` from trait: `fn(Pin<&mut Self>, &mut Context<'_>, &mut [u8]) -> Poll<Result<usize, std::io::Error>>`","code":null,"level":"note","spans":[],"children":[],"rendered":null}],"rendered":"\u001b[0m\u001b[1m\u001b[38;5;9merror[E0186]\u001b[0m\u001b[0m\u001b[1m: method `poll_read` has a `self: Pin<&mut Self>` declaration in the trait, but not in the impl\u001b[0m\n\u001b[0m  \u001b[0m\u001b[0m\u001b[1m\u001b[38;5;12m--> \u001b[0m\u001b[0msrc/lib.rs:16:5\u001b[0m\n\u001b[0m   \u001b[0m\u001b[0m\u001b[1m\u001b[38;5;12m|\u001b[0m\n\u001b[0m\u001b[1m\u001b[38;5;12m16\u001b[0m\u001b[0m \u001b[0m\u001b[0m\u001b[1m\u001b[38;5;12m|\u001b[0m\u001b[0m \u001b[0m\u001b[0m\u001b[1m\u001b[38;5;9m/\u001b[0m\u001b[0m \u001b[0m\u001b[0m    fn poll_read(\u001b[0m\n\u001b[0m\u001b[1m\u001b[38;5;12m17\u001b[0m\u001b[0m \u001b[0m\u001b[0m\u001b[1m\u001b[38;5;12m|\u001b[0m\u001b[0m \u001b[0m\u001b[0m\u001b[1m\u001b[38;5;9m|\u001b[0m\u001b[0m \u001b[0m\u001b[0m        mut cx: Pin<&mut Self>,\u001b[0m\n\u001b[0m\u001b[1m\u001b[38;5;12m18\u001b[0m\u001b[0m \u001b[0m\u001b[0m\u001b[1m\u001b[38;5;12m|\u001b[0m\u001b[0m \u001b[0m\u001b[0m\u001b[1m\u001b[38;5;9m|\u001b[0m\u001b[0m \u001b[0m\u001b[0m        _: &mut Context,\u001b[0m\n\u001b[0m\u001b[1m\u001b[38;5;12m19\u001b[0m\u001b[0m \u001b[0m\u001b[0m\u001b[1m\u001b[38;5;12m|\u001b[0m\u001b[0m \u001b[0m\u001b[0m\u001b[1m\u001b[38;5;9m|\u001b[0m\u001b[0m \u001b[0m\u001b[0m        buf: &mut [u8],\u001b[0m\n\u001b[0m\u001b[1m\u001b[38;5;12m20\u001b[0m\u001b[0m \u001b[0m\u001b[0m\u001b[1m\u001b[38;5;12m|\u001b[0m\u001b[0m \u001b[0m\u001b[0m\u001b[1m\u001b[38;5;9m|\u001b[0m\u001b[0m \u001b[0m\u001b[0m    ) -> Poll<Result<usize, Error>> {\u001b[0m\n\u001b[0m   \u001b[0m\u001b[0m\u001b[1m\u001b[38;5;12m| \u001b[0m\u001b[0m\u001b[1m\u001b[38;5;9m|___________________________________^\u001b[0m\u001b[0m \u001b[0m\u001b[0m\u001b[1m\u001b[38;5;9mexpected `self: Pin<&mut Self>` in impl\u001b[0m\n\u001b[0m   \u001b[0m\u001b[0m\u001b[1m\u001b[38;5;12m|\u001b[0m\n\u001b[0m   \u001b[0m\u001b[0m\u001b[1m\u001b[38;5;12m= \u001b[0m\u001b[0m\u001b[1mnote\u001b[0m\u001b[0m: `poll_read` from trait: `\u001b[0m\u001b[0m\u001b[1m\u001b[35mfn(Pin<&mut Self>, &mut Context<'_>, &mut [u8]) -> Poll<Result<usize, std::io::Error>>\u001b[0m\u001b[0m`\u001b[0m\n\n"}
{"$message_type":"diagnostic","message":"method `poll_write` has a `self: Pin<&mut Self>` declaration in the trait, but not in the impl","code":{"code":"E0186","explanation":"An associated function for a trait was defined to be a method (i.e., to take a\n`self` parameter), but an implementation of the trait declared the same function\nto be static.\n\nErroneous code example:\n\n```compile_fail,E0186\ntrait Foo {\n    fn foo(&self);\n}\n\nstruct Bar;\n\nimpl Foo for Bar {\n    // error, method `foo` has a `&self` declaration in the trait, but not in\n    // the impl\n    fn foo() {}\n}\n```\n\nWhen a type implements a trait's associated function, it has to use the same\nsignature. So in this case, since `Foo::foo` takes `self` as argument and\ndoes not return anything, its implementation on `Bar` should be the same:\n\n```\ntrait Foo {\n    fn foo(&self);\n}\n\nstruct Bar;\n\nimpl Foo for Bar {\n    fn foo(&self) {} // ok!\n}\n```\n"},"level":"error","spans":[{"file_name":"src/lib.rs","byte_start":640,"byte_end":763,"line_start":27,"line_end":31,"column_start":5,"column_end":36,"is_primary":true,"text":[{"text":"    fn poll_write(","highlight_start":5,"highlight_end":19},{"text":"        cx: Pin<&mut Self>,","highlight_start":1,"highlight_end":28},{"text":"        _: &mut Context,","highlight_start":1,"highlight_end":25},{"text":"        buf: &[u8],","highlight_start":1,"highlight_end":20},{"text":"    ) -> Poll<Result<usize, Error>> {","highlight_start":1,"highlight_end":36}],"label":"expected `self: Pin<&mut Self>` in impl","suggested_replacement":null,"suggestion_applicability":null,"expansion":null}],"children":[{"message":"`poll_write` from trait: `fn(Pin<&mut Self>, &mut Context<'_>, &[u8]) -> Poll<Result<usize, std::io::Error>>`","code":null,"level":"note","spans":[],"children":[],"rendered":null}],"rendered":"\u001b[0m\u001b[1m\u001b[38;5;9merror[E0186]\u001b[0m\u001b[0m\u001b[1m: method `poll_write` has a `self: Pin<&mut Self>` declaration in the trait, but not in the impl\u001b[0m\n\u001b[0m  \u001b[0m\u001b[0m\u001b[1m\u001b[38;5;12m--> \u001b[0m\u001b[0msrc/lib.rs:27:5\u001b[0m\n\u001b[0m   \u001b[0m\u001b[0m\u001b[1m\u001b[38;5;12m|\u001b[0m\n\u001b[0m\u001b[1m\u001b[38;5;12m27\u001b[0m\u001b[0m \u001b[0m\u001b[0m\u001b[1m\u001b[38;5;12m|\u001b[0m\u001b[0m \u001b[0m\u001b[0m\u001b[1m\u001b[38;5;9m/\u001b[0m\u001b[0m \u001b[0m\u001b[0m    fn poll_write(\u001b[0m\n\u001b[0m\u001b[1m\u001b[38;5;12m28\u001b[0m\u001b[0m \u001b[0m\u001b[0m\u001b[1m\u001b[38;5;12m|\u001b[0m\u001b[0m \u001b[0m\u001b[0m\u001b[1m\u001b[38;5;9m|\u001b[0m\u001b[0m \u001b[0m\u001b[0m        cx: Pin<&mut Self>,\u001b[0m\n\u001b[0m\u001b[1m\u001b[38;5;12m29\u001b[0m\u001b[0m \u001b[0m\u001b[0m\u001b[1m\u001b[38;5;12m|\u001b[0m\u001b[0m \u001b[0m\u001b[0m\u001b[1m\u001b[38;5;9m|\u001b[0m\u001b[0m \u001b[0m\u001b[0m        _: &mut Context,\u001b[0m\n\u001b[0m\u001b[1m\u001b[38;5;12m30\u001b[0m\u001b[0m \u001b[0m\u001b[0m\u001b[1m\u001b[38;5;12m|\u001b[0m\u001b[0m \u001b[0m\u001b[0m\u001b[1m\u001b[38;5;9m|\u001b[0m\u001b[0m \u001b[0m\u001b[0m        buf: &[u8],\u001b[0m\n\u001b[0m\u001b[1m\u001b[38;5;12m31\u001b[0m\u001b[0m \u001b[0m\u001b[0m\u001b[1m\u001b[38;5;12m|\u001b[0m\u001b[0m \u001b[0m\u001b[0m\u001b[1m\u001b[38;5;9m|\u001b[0m\u001b[0m \u001b[0m\u001b[0m    ) -> Poll<Result<usize, Error>> {\u001b[0m\n\u001b[0m   \u001b[0m\u001b[0m\u001b[1m\u001b[38;5;12m| \u001b[0m\u001b[0m\u001b[1m\u001b[38;5;9m|___________________________________^\u001b[0m\u001b[0m \u001b[0m\u001b[0m\u001b[1m\u001b[38;5;9mexpected `self: Pin<&mut Self>` in impl\u001b[0m\n\u001b[0m   \u001b[0m\u001b[0m\u001b[1m\u001b[38;5;12m|\u001b[0m\n\u001b[0m   \u001b[0m\u001b[0m\u001b[1m\u001b[38;5;12m= \u001b[0m\u001b[0m\u001b[1mnote\u001b[0m\u001b[0m: `poll_write` from trait: `\u001b[0m\u001b[0m\u001b[1m\u001b[35mfn(Pin<&mut Self>, &mut Context<'_>, &[u8]) -> Poll<Result<usize, std::io::Error>>\u001b[0m\u001b[0m`\u001b[0m\n\n"}
{"$message_type":"diagnostic","message":"method `poll_flush` has a `self: Pin<&mut Self>` declaration in the trait, but not in the impl","code":{"code":"E0186","explanation":"An associated function for a trait was defined to be a method (i.e., to take a\n`self` parameter), but an implementation of the trait declared the same function\nto be static.\n\nErroneous code example:\n\n```compile_fail,E0186\ntrait Foo {\n    fn foo(&self);\n}\n\nstruct Bar;\n\nimpl Foo for Bar {\n    // error, method `foo` has a `&self` declaration in the trait, but not in\n    // the impl\n    fn foo() {}\n}\n```\n\nWhen a type implements a trait's associated function, it has to use the same\nsignature. So in this case, since `Foo::foo` takes `self` as argument and\ndoes not return anything, its implementation on `Bar` should be the same:\n\n```\ntrait Foo {\n    fn foo(&self);\n}\n\nstruct Bar;\n\nimpl Foo for Bar {\n    fn foo(&self) {} // ok!\n}\n```\n"},"level":"error","spans":[{"file_name":"src/lib.rs","byte_start":852,"byte_end":929,"line_start":36,"line_end":36,"column_start":5,"column_end":82,"is_primary":true,"text":[{"text":"    fn poll_flush(cx: Pin<&mut Self>, _: &mut Context) -> Poll<Result<(), Error>> {","highlight_start":5,"highlight_end":82}],"label":"expected `self: Pin<&mut Self>` in impl","suggested_replacement":null,"suggestion_applicability":null,"expansion":null}],"children":[{"message":"`poll_flush` from trait: `fn(Pin<&mut Self>, &mut Context<'_>) -> Poll<Result<(), std::io::Error>>`","code":null,"level":"note","spans":[],"children":[],"rendered":null}],"rendered":"\u001b[0m\u001b[1m\u001b[38;5;9merror[E0186]\u001b[0m\u001b[0m\u001b[1m: method `poll_flush` has a `self: Pin<&mut Self>` declaration in the trait, but not in the impl\u001b[0m\n\u001b[0m  \u001b[0m\u001b[0m\u001b[1m\u001b[38;5;12m--> \u001b[0m\u001b[0msrc/lib.rs:36:5\u001b[0m\n\u001b[0m   \u001b[0m\u001b[0m\u001b[1m\u001b[38;5;12m|\u001b[0m\n\u001b[0m\u001b[1m\u001b[38;5;12m36\u001b[0m\u001b[0m \u001b[0m\u001b[0m\u001b[1m\u001b[38;5;12m|\u001b[0m\u001b[0m \u001b[0m\u001b[0m    fn poll_flush(cx: Pin<&mut Self>, _: &mut Context) -> Poll<Result<(), Error>> {\u001b[0m\n\u001b[0m   \u001b[0m\u001b[0m\u001b[1m\u001b[38;5;12m| \u001b[0m\u001b[0m    \u001b[0m\u001b[0m\u001b[1m\u001b[38;5;9m^^^^^^^^^^^^^^^^^^^^^^^^^^^^^^^^^^^^^^^^^^^^^^^^^^^^^^^^^^^^^^^^^^^^^^^^^^^^^\u001b[0m\u001b[0m \u001b[0m\u001b[0m\u001b[1m\u001b[38;5;9mexpected `self: Pin<&mut Self>` in impl\u001b[0m\n\u001b[0m   \u001b[0m\u001b[0m\u001b[1m\u001b[38;5;12m|\u001b[0m\n\u001b[0m   \u001b[0m\u001b[0m\u001b[1m\u001b[38;5;12m= \u001b[0m\u001b[0m\u001b[1mnote\u001b[0m\u001b[0m: `poll_flush` from trait: `\u001b[0m\u001b[0m\u001b[1m\u001b[35mfn(Pin<&mut Self>, &mut Context<'_>) -> Poll<Result<(), std::io::Error>>\u001b[0m\u001b[0m`\u001b[0m\n\n"}
{"$message_type":"diagnostic","message":"method `poll_close` has a `self: Pin<&mut Self>` declaration in the trait, but not in the impl","code":{"code":"E0186","explanation":"An associated function for a trait was defined to be a method (i.e., to take a\n`self` parameter), but an implementation of the trait declared the same function\nto be static.\n\nErroneous code example:\n\n```compile_fail,E0186\ntrait Foo {\n    fn foo(&self);\n}\n\nstruct Bar;\n\nimpl Foo for Bar {\n    // error, method `foo` has a `&self` declaration in the trait, but not in\n    // the impl\n    fn foo() {}\n}\n```\n\nWhen a type implements a trait's associated function, it has to use the same\nsignature. So in this case, since `Foo::foo` takes `self` as argument and\ndoes not return anything, its implementation on `Bar` should be the same:\n\n```\ntrait Foo {\n    fn foo(&self);\n}\n\nstruct Bar;\n\nimpl Foo for Bar {\n    fn foo(&self) {} // ok!\n}\n```\n"},"level":"error","spans":[{"file_name":"src/lib.rs","byte_start":971,"byte_end":1048,"line_start":40,"line_end":40,"column_start":5,"column_end":82,"is_primary":true,"text":[{"text":"    fn poll_close(cx: Pin<&mut Self>, _: &mut Context) -> Poll<Result<(), Error>> {","highlight_start":5,"highlight_end":82}],"label":"expected `self: Pin<&mut Self>` in impl","suggested_replacement":null,"suggestion_applicability":null,"expansion":null}],"children":[{"message":"`poll_close` from trait: `fn(Pin<&mut Self>, &mut Context<'_>) -> Poll<Result<(), std::io::Error>>`","code":null,"level":"note","spans":[],"children":[],"rendered":null}],"rendered":"\u001b[0m\u001b[1m\u001b[38;5;9merror[E0186]\u001b[0m\u001b[0m\u001b[1m: method `poll_close` has a `self: Pin<&mut Self>` declaration in the trait, but not in the impl\u001b[0m\n\u001b[0m  \u001b[0m\u001b[0m\u001b[1m\u001b[38;5;12m--> \u001b[0m\u001b[0msrc/lib.rs:40:5\u001b[0m\n\u001b[0m   \u001b[0m\u001b[0m\u001b[1m\u001b[38;5;12m|\u001b[0m\n\u001b[0m\u001b[1m\u001b[38;5;12m40\u001b[0m\u001b[0m \u001b[0m\u001b[0m\u001b[1m\u001b[38;5;12m|\u001b[0m\u001b[0m \u001b[0m\u001b[0m    fn poll_close(cx: Pin<&mut Self>, _: &mut Context) -> Poll<Result<(), Error>> {\u001b[0m\n\u001b[0m   \u001b[0m\u001b[0m\u001b[1m\u001b[38;5;12m| \u001b[0m\u001b[0m    \u001b[0m\u001b[0m\u001b[1m\u001b[38;5;9m^^^^^^^^^^^^^^^^^^^^^^^^^^^^^^^^^^^^^^^^^^^^^^^^^^^^^^^^^^^^^^^^^^^^^^^^^^^^^\u001b[0m\u001b[0m \u001b[0m\u001b[0m\u001b[1m\u001b[38;5;9mexpected `self: Pin<&mut Self>` in impl\u001b[0m\n\u001b[0m   \u001b[0m\u001b[0m\u001b[1m\u001b[38;5;12m|\u001b[0m\n\u001b[0m   \u001b[0m\u001b[0m\u001b[1m\u001b[38;5;12m= \u001b[0m\u001b[0m\u001b[1mnote\u001b[0m\u001b[0m: `poll_close` from trait: `\u001b[0m\u001b[0m\u001b[1m\u001b[35mfn(Pin<&mut Self>, &mut Context<'_>) -> Poll<Result<(), std::io::Error>>\u001b[0m\u001b[0m`\u001b[0m\n\n"}
{"$message_type":"diagnostic","message":"this method takes 2 arguments but 1 argument was supplied","code":{"code":"E0061","explanation":"An invalid number of arguments was passed when calling a function.\n\nErroneous code example:\n\n```compile_fail,E0061\nfn f(u: i32) {}\n\nf(); // error!\n```\n\nThe number of arguments passed to a function must match the number of arguments\nspecified in the function signature.\n\nFor example, a function like:\n\n```\nfn f(a: u16, b: &str) {}\n```\n\nMust always be called with exactly two arguments, e.g., `f(2, \"test\")`.\n\nNote that Rust does not have a notion of optional function arguments or\nvariadic functions (except for its C-FFI).\n"},"level":"error","spans":[{"file_name":"src/lib.rs","byte_start":1271,"byte_end":1282,"line_start":51,"line_end":51,"column_start":39,"column_end":50,"is_primary":false,"text":[{"text":"    let _ = stream.as_mut().poll_read(&mut buffer).await.unwrap();","highlight_start":39,"highlight_end":50}],"label":"an argument of type `&mut Context<'_>` is missing","suggested_replacement":null,"suggestion_applicability":null,"expansion":null},{"file_name":"src/lib.rs","byte_start":1261,"byte_end":1270,"line_start":51,"line_end":51,"column_start":29,"column_end":38,"is_primary":true,"text":[{"text":"    let _ = stream.as_mut().poll_read(&mut buffer).await.unwrap();","highlight_start":29,"highlight_end":38}],"label":null,"suggested_replacement":null,"suggestion_applicability":null,"expansion":null}],"children":[{"message":"method defined here","code":null,"level":"note","spans":[{"file_name":"/home/star/.cargo/registry/src/index.crates.io-6f17d22bba15001f/futures-io-0.3.31/src/lib.rs","byte_start":2464,"byte_end":2473,"line_start":63,"line_end":63,"column_start":12,"column_end":21,"is_primary":true,"text":[{"text":"        fn poll_read(","highlight_start":12,"highlight_end":21}],"label":null,"suggested_replacement":null,"suggestion_applicability":null,"expansion":null}],"children":[],"rendered":null},{"message":"provide the argument","code":null,"level":"help","spans":[{"file_name":"src/lib.rs","byte_start":1270,"byte_end":1283,"line_start":51,"line_end":51,"column_start":38,"column_end":51,"is_primary":true,"text":[{"text":"    let _ = stream.as_mut().poll_read(&mut buffer).await.unwrap();","highlight_start":38,"highlight_end":51}],"label":null,"suggested_replacement":"(/* &mut Context<'_> */, &mut buffer)","suggestion_applicability":"HasPlaceholders","expansion":null}],"children":[],"rendered":null}],"rendered":"\u001b[0m\u001b[1m\u001b[38;5;9merror[E0061]\u001b[0m\u001b[0m\u001b[1m: this method takes 2 arguments but 1 argument was supplied\u001b[0m\n\u001b[0m  \u001b[0m\u001b[0m\u001b[1m\u001b[38;5;12m--> \u001b[0m\u001b[0msrc/lib.rs:51:29\u001b[0m\n\u001b[0m   \u001b[0m\u001b[0m\u001b[1m\u001b[38;5;12m|\u001b[0m\n\u001b[0m\u001b[1m\u001b[38;5;12m51\u001b[0m\u001b[0m \u001b[0m\u001b[0m\u001b[1m\u001b[38;5;12m|\u001b[0m\u001b[0m \u001b[0m\u001b[0m    let _ = stream.as_mut().poll_read(&mut buffer).await.unwrap();\u001b[0m\n\u001b[0m   \u001b[0m\u001b[0m\u001b[1m\u001b[38;5;12m| \u001b[0m\u001b[0m                            \u001b[0m\u001b[0m\u001b[1m\u001b[38;5;9m^^^^^^^^^\u001b[0m\u001b[0m \u001b[0m\u001b[0m\u001b[1m\u001b[38;5;12m-----------\u001b[0m\u001b[0m \u001b[0m\u001b[0m\u001b[1m\u001b[38;5;12man argument of type `&mut Context<'_>` is missing\u001b[0m\n\u001b[0m   \u001b[0m\u001b[0m\u001b[1m\u001b[38;5;12m|\u001b[0m\n\u001b[0m\u001b[1m\u001b[38;5;10mnote\u001b[0m\u001b[0m: method defined here\u001b[0m\n\u001b[0m  \u001b[0m\u001b[0m\u001b[1m\u001b[38;5;12m--> \u001b[0m\u001b[0m/home/star/.cargo/registry/src/index.crates.io-6f17d22bba15001f/futures-io-0.3.31/src/lib.rs:63:12\u001b[0m\n\u001b[0m   \u001b[0m\u001b[0m\u001b[1m\u001b[38;5;12m|\u001b[0m\n\u001b[0m\u001b[1m\u001b[38;5;12m63\u001b[0m\u001b[0m \u001b[0m\u001b[0m\u001b[1m\u001b[38;5;12m|\u001b[0m\u001b[0m \u001b[0m\u001b[0m        fn poll_read(\u001b[0m\n\u001b[0m   \u001b[0m\u001b[0m\u001b[1m\u001b[38;5;12m| \u001b[0m\u001b[0m           \u001b[0m\u001b[0m\u001b[1m\u001b[38;5;10m^^^^^^^^^\u001b[0m\n\u001b[0m\u001b[1m\u001b[38;5;14mhelp\u001b[0m\u001b[0m: provide the argument\u001b[0m\n\u001b[0m   \u001b[0m\u001b[0m\u001b[1m\u001b[38;5;12m|\u001b[0m\n\u001b[0m\u001b[1m\u001b[38;5;12m51\u001b[0m\u001b[0m \u001b[0m\u001b[0m\u001b[1m\u001b[38;5;12m| \u001b[0m\u001b[0m    let _ = stream.as_mut().poll_read\u001b[0m\u001b[0m\u001b[38;5;10m(/* &mut Context<'_> */, &mut buffer)\u001b[0m\u001b[0m.await.unwrap();\u001b[0m\n\u001b[0m   \u001b[0m\u001b[0m\u001b[1m\u001b[38;5;12m|\u001b[0m\u001b[0m                                      \u001b[0m\u001b[0m\u001b[38;5;10m~~~~~~~~~~~~~~~~~~~~~~~~~~~~~~~~~~~~~\u001b[0m\n\n"}
{"$message_type":"diagnostic","message":"`Poll<Result<usize, std::io::Error>>` is not a future","code":{"code":"E0277","explanation":"You tried to use a type which doesn't implement some trait in a place which\nexpected that trait.\n\nErroneous code example:\n\n```compile_fail,E0277\n// here we declare the Foo trait with a bar method\ntrait Foo {\n    fn bar(&self);\n}\n\n// we now declare a function which takes an object implementing the Foo trait\nfn some_func<T: Foo>(foo: T) {\n    foo.bar();\n}\n\nfn main() {\n    // we now call the method with the i32 type, which doesn't implement\n    // the Foo trait\n    some_func(5i32); // error: the trait bound `i32 : Foo` is not satisfied\n}\n```\n\nIn order to fix this error, verify that the type you're using does implement\nthe trait. Example:\n\n```\ntrait Foo {\n    fn bar(&self);\n}\n\n// we implement the trait on the i32 type\nimpl Foo for i32 {\n    fn bar(&self) {}\n}\n\nfn some_func<T: Foo>(foo: T) {\n    foo.bar(); // we can now use this method since i32 implements the\n               // Foo trait\n}\n\nfn main() {\n    some_func(5i32); // ok!\n}\n```\n\nOr in a generic context, an erroneous code example would look like:\n\n```compile_fail,E0277\nfn some_func<T>(foo: T) {\n    println!(\"{:?}\", foo); // error: the trait `core::fmt::Debug` is not\n                           //        implemented for the type `T`\n}\n\nfn main() {\n    // We now call the method with the i32 type,\n    // which *does* implement the Debug trait.\n    some_func(5i32);\n}\n```\n\nNote that the error here is in the definition of the generic function. Although\nwe only call it with a parameter that does implement `Debug`, the compiler\nstill rejects the function. It must work with all possible input types. In\norder to make this example compile, we need to restrict the generic type we're\naccepting:\n\n```\nuse std::fmt;\n\n// Restrict the input type to types that implement Debug.\nfn some_func<T: fmt::Debug>(foo: T) {\n    println!(\"{:?}\", foo);\n}\n\nfn main() {\n    // Calling the method is still fine, as i32 implements Debug.\n    some_func(5i32);\n\n    // This would fail to compile now:\n    // struct WithoutDebug;\n    // some_func(WithoutDebug);\n}\n```\n\nRust only looks at the signature of the called function, as such it must\nalready specify all requirements that will be used for every type parameter.\n"},"level":"error","spans":[{"file_name":"src/lib.rs","byte_start":1284,"byte_end":1289,"line_start":51,"line_end":51,"column_start":52,"column_end":57,"is_primary":true,"text":[{"text":"    let _ = stream.as_mut().poll_read(&mut buffer).await.unwrap();","highlight_start":52,"highlight_end":57}],"label":"`Poll<Result<usize, std::io::Error>>` is not a future","suggested_replacement":null,"suggestion_applicability":null,"expansion":{"span":{"file_name":"src/lib.rs","byte_start":1284,"byte_end":1289,"line_start":51,"line_end":51,"column_start":52,"column_end":57,"is_primary":false,"text":[{"text":"    let _ = stream.as_mut().poll_read(&mut buffer).await.unwrap();","highlight_start":52,"highlight_end":57}],"label":null,"suggested_replacement":null,"suggestion_applicability":null,"expansion":null},"macro_decl_name":"desugaring of `await` expression","def_site_span":{"file_name":"src/lib.rs","byte_start":0,"byte_end":0,"line_start":1,"line_end":1,"column_start":1,"column_end":1,"is_primary":false,"text":[],"label":null,"suggested_replacement":null,"suggestion_applicability":null,"expansion":null}}}],"children":[{"message":"the trait `futures::Future` is not implemented for `Poll<Result<usize, std::io::Error>>`, which is required by `Poll<Result<usize, std::io::Error>>: std::future::IntoFuture`","code":null,"level":"help","spans":[],"children":[],"rendered":null},{"message":"Poll<Result<usize, std::io::Error>> must be a future or must implement `IntoFuture` to be awaited","code":null,"level":"note","spans":[],"children":[],"rendered":null},{"message":"required for `Poll<Result<usize, std::io::Error>>` to implement `std::future::IntoFuture`","code":null,"level":"note","spans":[],"children":[],"rendered":null},{"message":"remove the `.await`","code":null,"level":"help","spans":[{"file_name":"src/lib.rs","byte_start":1283,"byte_end":1289,"line_start":51,"line_end":51,"column_start":51,"column_end":57,"is_primary":true,"text":[{"text":"    let _ = stream.as_mut().poll_read(&mut buffer).await.unwrap();","highlight_start":51,"highlight_end":57}],"label":null,"suggested_replacement":"","suggestion_applicability":"MachineApplicable","expansion":null}],"children":[],"rendered":null}],"rendered":"\u001b[0m\u001b[1m\u001b[38;5;9merror[E0277]\u001b[0m\u001b[0m\u001b[1m: `Poll<Result<usize, std::io::Error>>` is not a future\u001b[0m\n\u001b[0m  \u001b[0m\u001b[0m\u001b[1m\u001b[38;5;12m--> \u001b[0m\u001b[0msrc/lib.rs:51:52\u001b[0m\n\u001b[0m   \u001b[0m\u001b[0m\u001b[1m\u001b[38;5;12m|\u001b[0m\n\u001b[0m\u001b[1m\u001b[38;5;12m51\u001b[0m\u001b[0m \u001b[0m\u001b[0m\u001b[1m\u001b[38;5;12m|\u001b[0m\u001b[0m \u001b[0m\u001b[0m    let _ = stream.as_mut().poll_read(&mut buffer).await.unwrap();\u001b[0m\n\u001b[0m   \u001b[0m\u001b[0m\u001b[1m\u001b[38;5;12m| \u001b[0m\u001b[0m                                                  \u001b[0m\u001b[0m\u001b[1m\u001b[38;5;12m-\u001b[0m\u001b[0m\u001b[1m\u001b[38;5;9m^^^^^\u001b[0m\n\u001b[0m   \u001b[0m\u001b[0m\u001b[1m\u001b[38;5;12m| \u001b[0m\u001b[0m                                                  \u001b[0m\u001b[0m\u001b[1m\u001b[38;5;12m|\u001b[0m\u001b[0m\u001b[1m\u001b[38;5;9m|\u001b[0m\n\u001b[0m   \u001b[0m\u001b[0m\u001b[1m\u001b[38;5;12m| \u001b[0m\u001b[0m                                                  \u001b[0m\u001b[0m\u001b[1m\u001b[38;5;12m|\u001b[0m\u001b[0m\u001b[1m\u001b[38;5;9m`Poll<Result<usize, std::io::Error>>` is not a future\u001b[0m\n\u001b[0m   \u001b[0m\u001b[0m\u001b[1m\u001b[38;5;12m| \u001b[0m\u001b[0m                                                  \u001b[0m\u001b[0m\u001b[1m\u001b[38;5;12mhelp: remove the `.await`\u001b[0m\n\u001b[0m   \u001b[0m\u001b[0m\u001b[1m\u001b[38;5;12m|\u001b[0m\n\u001b[0m   \u001b[0m\u001b[0m\u001b[1m\u001b[38;5;12m= \u001b[0m\u001b[0m\u001b[1mhelp\u001b[0m\u001b[0m: the trait `futures::Future` is not implemented for `Poll<Result<usize, std::io::Error>>`, which is required by `Poll<Result<usize, std::io::Error>>: std::future::IntoFuture`\u001b[0m\n\u001b[0m   \u001b[0m\u001b[0m\u001b[1m\u001b[38;5;12m= \u001b[0m\u001b[0m\u001b[1mnote\u001b[0m\u001b[0m: Poll<Result<usize, std::io::Error>> must be a future or must implement `IntoFuture` to be awaited\u001b[0m\n\u001b[0m   \u001b[0m\u001b[0m\u001b[1m\u001b[38;5;12m= \u001b[0m\u001b[0m\u001b[1mnote\u001b[0m\u001b[0m: required for `Poll<Result<usize, std::io::Error>>` to implement `std::future::IntoFuture`\u001b[0m\n\n"}
{"$message_type":"diagnostic","message":"this method takes 2 arguments but 1 argument was supplied","code":{"code":"E0061","explanation":"An invalid number of arguments was passed when calling a function.\n\nErroneous code example:\n\n```compile_fail,E0061\nfn f(u: i32) {}\n\nf(); // error!\n```\n\nThe number of arguments passed to a function must match the number of arguments\nspecified in the function signature.\n\nFor example, a function like:\n\n```\nfn f(a: u16, b: &str) {}\n```\n\nMust always be called with exactly two arguments, e.g., `f(2, \"test\")`.\n\nNote that Rust does not have a notion of optional function arguments or\nvariadic functions (except for its C-FFI).\n"},"level":"error","spans":[{"file_name":"src/lib.rs","byte_start":1868,"byte_end":1887,"line_start":68,"line_end":68,"column_start":40,"column_end":59,"is_primary":false,"text":[{"text":"    let _ = stream.as_mut().poll_write(response.as_bytes()).await.unwrap();","highlight_start":40,"highlight_end":59}],"label":"an argument of type `&mut Context<'_>` is missing","suggested_replacement":null,"suggestion_applicability":null,"expansion":null},{"file_name":"src/lib.rs","byte_start":1857,"byte_end":1867,"line_start":68,"line_end":68,"column_start":29,"column_end":39,"is_primary":true,"text":[{"text":"    let _ = stream.as_mut().poll_write(response.as_bytes()).await.unwrap();","highlight_start":29,"highlight_end":39}],"label":null,"suggested_replacement":null,"suggestion_applicability":null,"expansion":null}],"children":[{"message":"method defined here","code":null,"level":"note","spans":[{"file_name":"/home/star/.cargo/registry/src/index.crates.io-6f17d22bba15001f/futures-io-0.3.31/src/lib.rs","byte_start":5484,"byte_end":5494,"line_start":132,"line_end":132,"column_start":12,"column_end":22,"is_primary":true,"text":[{"text":"        fn poll_write(","highlight_start":12,"highlight_end":22}],"label":null,"suggested_replacement":null,"suggestion_applicability":null,"expansion":null}],"children":[],"rendered":null},{"message":"provide the argument","code":null,"level":"help","spans":[{"file_name":"src/lib.rs","byte_start":1867,"byte_end":1888,"line_start":68,"line_end":68,"column_start":39,"column_end":60,"is_primary":true,"text":[{"text":"    let _ = stream.as_mut().poll_write(response.as_bytes()).await.unwrap();","highlight_start":39,"highlight_end":60}],"label":null,"suggested_replacement":"(/* &mut Context<'_> */, response.as_bytes())","suggestion_applicability":"HasPlaceholders","expansion":null}],"children":[],"rendered":null}],"rendered":"\u001b[0m\u001b[1m\u001b[38;5;9merror[E0061]\u001b[0m\u001b[0m\u001b[1m: this method takes 2 arguments but 1 argument was supplied\u001b[0m\n\u001b[0m   \u001b[0m\u001b[0m\u001b[1m\u001b[38;5;12m--> \u001b[0m\u001b[0msrc/lib.rs:68:29\u001b[0m\n\u001b[0m    \u001b[0m\u001b[0m\u001b[1m\u001b[38;5;12m|\u001b[0m\n\u001b[0m\u001b[1m\u001b[38;5;12m68\u001b[0m\u001b[0m  \u001b[0m\u001b[0m\u001b[1m\u001b[38;5;12m|\u001b[0m\u001b[0m \u001b[0m\u001b[0m    let _ = stream.as_mut().poll_write(response.as_bytes()).await.unwrap();\u001b[0m\n\u001b[0m    \u001b[0m\u001b[0m\u001b[1m\u001b[38;5;12m| \u001b[0m\u001b[0m                            \u001b[0m\u001b[0m\u001b[1m\u001b[38;5;9m^^^^^^^^^^\u001b[0m\u001b[0m \u001b[0m\u001b[0m\u001b[1m\u001b[38;5;12m-------------------\u001b[0m\u001b[0m \u001b[0m\u001b[0m\u001b[1m\u001b[38;5;12man argument of type `&mut Context<'_>` is missing\u001b[0m\n\u001b[0m    \u001b[0m\u001b[0m\u001b[1m\u001b[38;5;12m|\u001b[0m\n\u001b[0m\u001b[1m\u001b[38;5;10mnote\u001b[0m\u001b[0m: method defined here\u001b[0m\n\u001b[0m   \u001b[0m\u001b[0m\u001b[1m\u001b[38;5;12m--> \u001b[0m\u001b[0m/home/star/.cargo/registry/src/index.crates.io-6f17d22bba15001f/futures-io-0.3.31/src/lib.rs:132:12\u001b[0m\n\u001b[0m    \u001b[0m\u001b[0m\u001b[1m\u001b[38;5;12m|\u001b[0m\n\u001b[0m\u001b[1m\u001b[38;5;12m132\u001b[0m\u001b[0m \u001b[0m\u001b[0m\u001b[1m\u001b[38;5;12m|\u001b[0m\u001b[0m \u001b[0m\u001b[0m        fn poll_write(\u001b[0m\n\u001b[0m    \u001b[0m\u001b[0m\u001b[1m\u001b[38;5;12m| \u001b[0m\u001b[0m           \u001b[0m\u001b[0m\u001b[1m\u001b[38;5;10m^^^^^^^^^^\u001b[0m\n\u001b[0m\u001b[1m\u001b[38;5;14mhelp\u001b[0m\u001b[0m: provide the argument\u001b[0m\n\u001b[0m    \u001b[0m\u001b[0m\u001b[1m\u001b[38;5;12m|\u001b[0m\n\u001b[0m\u001b[1m\u001b[38;5;12m68\u001b[0m\u001b[0m  \u001b[0m\u001b[0m\u001b[1m\u001b[38;5;12m| \u001b[0m\u001b[0m    let _ = stream.as_mut().poll_write\u001b[0m\u001b[0m\u001b[38;5;10m(/* &mut Context<'_> */, response.as_bytes())\u001b[0m\u001b[0m.await.unwrap();\u001b[0m\n\u001b[0m    \u001b[0m\u001b[0m\u001b[1m\u001b[38;5;12m|\u001b[0m\u001b[0m                                       \u001b[0m\u001b[0m\u001b[38;5;10m~~~~~~~~~~~~~~~~~~~~~~~~~~~~~~~~~~~~~~~~~~~~~\u001b[0m\n\n"}
{"$message_type":"diagnostic","message":"`Poll<Result<usize, std::io::Error>>` is not a future","code":{"code":"E0277","explanation":"You tried to use a type which doesn't implement some trait in a place which\nexpected that trait.\n\nErroneous code example:\n\n```compile_fail,E0277\n// here we declare the Foo trait with a bar method\ntrait Foo {\n    fn bar(&self);\n}\n\n// we now declare a function which takes an object implementing the Foo trait\nfn some_func<T: Foo>(foo: T) {\n    foo.bar();\n}\n\nfn main() {\n    // we now call the method with the i32 type, which doesn't implement\n    // the Foo trait\n    some_func(5i32); // error: the trait bound `i32 : Foo` is not satisfied\n}\n```\n\nIn order to fix this error, verify that the type you're using does implement\nthe trait. Example:\n\n```\ntrait Foo {\n    fn bar(&self);\n}\n\n// we implement the trait on the i32 type\nimpl Foo for i32 {\n    fn bar(&self) {}\n}\n\nfn some_func<T: Foo>(foo: T) {\n    foo.bar(); // we can now use this method since i32 implements the\n               // Foo trait\n}\n\nfn main() {\n    some_func(5i32); // ok!\n}\n```\n\nOr in a generic context, an erroneous code example would look like:\n\n```compile_fail,E0277\nfn some_func<T>(foo: T) {\n    println!(\"{:?}\", foo); // error: the trait `core::fmt::Debug` is not\n                           //        implemented for the type `T`\n}\n\nfn main() {\n    // We now call the method with the i32 type,\n    // which *does* implement the Debug trait.\n    some_func(5i32);\n}\n```\n\nNote that the error here is in the definition of the generic function. Although\nwe only call it with a parameter that does implement `Debug`, the compiler\nstill rejects the function. It must work with all possible input types. In\norder to make this example compile, we need to restrict the generic type we're\naccepting:\n\n```\nuse std::fmt;\n\n// Restrict the input type to types that implement Debug.\nfn some_func<T: fmt::Debug>(foo: T) {\n    println!(\"{:?}\", foo);\n}\n\nfn main() {\n    // Calling the method is still fine, as i32 implements Debug.\n    some_func(5i32);\n\n    // This would fail to compile now:\n    // struct WithoutDebug;\n    // some_func(WithoutDebug);\n}\n```\n\nRust only looks at the signature of the called function, as such it must\nalready specify all requirements that will be used for every type parameter.\n"},"level":"error","spans":[{"file_name":"src/lib.rs","byte_start":1889,"byte_end":1894,"line_start":68,"line_end":68,"column_start":61,"column_end":66,"is_primary":true,"text":[{"text":"    let _ = stream.as_mut().poll_write(response.as_bytes()).await.unwrap();","highlight_start":61,"highlight_end":66}],"label":"`Poll<Result<usize, std::io::Error>>` is not a future","suggested_replacement":null,"suggestion_applicability":null,"expansion":{"span":{"file_name":"src/lib.rs","byte_start":1889,"byte_end":1894,"line_start":68,"line_end":68,"column_start":61,"column_end":66,"is_primary":false,"text":[{"text":"    let _ = stream.as_mut().poll_write(response.as_bytes()).await.unwrap();","highlight_start":61,"highlight_end":66}],"label":null,"suggested_replacement":null,"suggestion_applicability":null,"expansion":null},"macro_decl_name":"desugaring of `await` expression","def_site_span":{"file_name":"src/lib.rs","byte_start":0,"byte_end":0,"line_start":1,"line_end":1,"column_start":1,"column_end":1,"is_primary":false,"text":[],"label":null,"suggested_replacement":null,"suggestion_applicability":null,"expansion":null}}}],"children":[{"message":"the trait `futures::Future` is not implemented for `Poll<Result<usize, std::io::Error>>`, which is required by `Poll<Result<usize, std::io::Error>>: std::future::IntoFuture`","code":null,"level":"help","spans":[],"children":[],"rendered":null},{"message":"Poll<Result<usize, std::io::Error>> must be a future or must implement `IntoFuture` to be awaited","code":null,"level":"note","spans":[],"children":[],"rendered":null},{"message":"required for `Poll<Result<usize, std::io::Error>>` to implement `std::future::IntoFuture`","code":null,"level":"note","spans":[],"children":[],"rendered":null},{"message":"remove the `.await`","code":null,"level":"help","spans":[{"file_name":"src/lib.rs","byte_start":1888,"byte_end":1894,"line_start":68,"line_end":68,"column_start":60,"column_end":66,"is_primary":true,"text":[{"text":"    let _ = stream.as_mut().poll_write(response.as_bytes()).await.unwrap();","highlight_start":60,"highlight_end":66}],"label":null,"suggested_replacement":"","suggestion_applicability":"MachineApplicable","expansion":null}],"children":[],"rendered":null}],"rendered":"\u001b[0m\u001b[1m\u001b[38;5;9merror[E0277]\u001b[0m\u001b[0m\u001b[1m: `Poll<Result<usize, std::io::Error>>` is not a future\u001b[0m\n\u001b[0m  \u001b[0m\u001b[0m\u001b[1m\u001b[38;5;12m--> \u001b[0m\u001b[0msrc/lib.rs:68:61\u001b[0m\n\u001b[0m   \u001b[0m\u001b[0m\u001b[1m\u001b[38;5;12m|\u001b[0m\n\u001b[0m\u001b[1m\u001b[38;5;12m68\u001b[0m\u001b[0m \u001b[0m\u001b[0m\u001b[1m\u001b[38;5;12m|\u001b[0m\u001b[0m \u001b[0m\u001b[0m    let _ = stream.as_mut().poll_write(response.as_bytes()).await.unwrap();\u001b[0m\n\u001b[0m   \u001b[0m\u001b[0m\u001b[1m\u001b[38;5;12m| \u001b[0m\u001b[0m                                                           \u001b[0m\u001b[0m\u001b[1m\u001b[38;5;12m-\u001b[0m\u001b[0m\u001b[1m\u001b[38;5;9m^^^^^\u001b[0m\n\u001b[0m   \u001b[0m\u001b[0m\u001b[1m\u001b[38;5;12m| \u001b[0m\u001b[0m                                                           \u001b[0m\u001b[0m\u001b[1m\u001b[38;5;12m|\u001b[0m\u001b[0m\u001b[1m\u001b[38;5;9m|\u001b[0m\n\u001b[0m   \u001b[0m\u001b[0m\u001b[1m\u001b[38;5;12m| \u001b[0m\u001b[0m                                                           \u001b[0m\u001b[0m\u001b[1m\u001b[38;5;12m|\u001b[0m\u001b[0m\u001b[1m\u001b[38;5;9m`Poll<Result<usize, std::io::Error>>` is not a future\u001b[0m\n\u001b[0m   \u001b[0m\u001b[0m\u001b[1m\u001b[38;5;12m| \u001b[0m\u001b[0m                                                           \u001b[0m\u001b[0m\u001b[1m\u001b[38;5;12mhelp: remove the `.await`\u001b[0m\n\u001b[0m   \u001b[0m\u001b[0m\u001b[1m\u001b[38;5;12m|\u001b[0m\n\u001b[0m   \u001b[0m\u001b[0m\u001b[1m\u001b[38;5;12m= \u001b[0m\u001b[0m\u001b[1mhelp\u001b[0m\u001b[0m: the trait `futures::Future` is not implemented for `Poll<Result<usize, std::io::Error>>`, which is required by `Poll<Result<usize, std::io::Error>>: std::future::IntoFuture`\u001b[0m\n\u001b[0m   \u001b[0m\u001b[0m\u001b[1m\u001b[38;5;12m= \u001b[0m\u001b[0m\u001b[1mnote\u001b[0m\u001b[0m: Poll<Result<usize, std::io::Error>> must be a future or must implement `IntoFuture` to be awaited\u001b[0m\n\u001b[0m   \u001b[0m\u001b[0m\u001b[1m\u001b[38;5;12m= \u001b[0m\u001b[0m\u001b[1mnote\u001b[0m\u001b[0m: required for `Poll<Result<usize, std::io::Error>>` to implement `std::future::IntoFuture`\u001b[0m\n\n"}
{"$message_type":"diagnostic","message":"this method takes 1 argument but 0 arguments were supplied","code":{"code":"E0061","explanation":"An invalid number of arguments was passed when calling a function.\n\nErroneous code example:\n\n```compile_fail,E0061\nfn f(u: i32) {}\n\nf(); // error!\n```\n\nThe number of arguments passed to a function must match the number of arguments\nspecified in the function signature.\n\nFor example, a function like:\n\n```\nfn f(a: u16, b: &str) {}\n```\n\nMust always be called with exactly two arguments, e.g., `f(2, \"test\")`.\n\nNote that Rust does not have a notion of optional function arguments or\nvariadic functions (except for its C-FFI).\n"},"level":"error","spans":[{"file_name":"src/lib.rs","byte_start":1943,"byte_end":1945,"line_start":69,"line_end":69,"column_start":39,"column_end":41,"is_primary":false,"text":[{"text":"    let _ = stream.as_mut().poll_flush().await.unwrap();","highlight_start":39,"highlight_end":41}],"label":"an argument of type `&mut Context<'_>` is missing","suggested_replacement":null,"suggestion_applicability":null,"expansion":null},{"file_name":"src/lib.rs","byte_start":1933,"byte_end":1943,"line_start":69,"line_end":69,"column_start":29,"column_end":39,"is_primary":true,"text":[{"text":"    let _ = stream.as_mut().poll_flush().await.unwrap();","highlight_start":29,"highlight_end":39}],"label":null,"suggested_replacement":null,"suggestion_applicability":null,"expansion":null}],"children":[{"message":"method defined here","code":null,"level":"note","spans":[{"file_name":"/home/star/.cargo/registry/src/index.crates.io-6f17d22bba15001f/futures-io-0.3.31/src/lib.rs","byte_start":8041,"byte_end":8051,"line_start":193,"line_end":193,"column_start":12,"column_end":22,"is_primary":true,"text":[{"text":"        fn poll_flush(self: Pin<&mut Self>, cx: &mut Context<'_>) -> Poll<Result<()>>;","highlight_start":12,"highlight_end":22}],"label":null,"suggested_replacement":null,"suggestion_applicability":null,"expansion":null}],"children":[],"rendered":null},{"message":"provide the argument","code":null,"level":"help","spans":[{"file_name":"src/lib.rs","byte_start":1943,"byte_end":1945,"line_start":69,"line_end":69,"column_start":39,"column_end":41,"is_primary":true,"text":[{"text":"    let _ = stream.as_mut().poll_flush().await.unwrap();","highlight_start":39,"highlight_end":41}],"label":null,"suggested_replacement":"(/* &mut Context<'_> */)","suggestion_applicability":"HasPlaceholders","expansion":null}],"children":[],"rendered":null}],"rendered":"\u001b[0m\u001b[1m\u001b[38;5;9merror[E0061]\u001b[0m\u001b[0m\u001b[1m: this method takes 1 argument but 0 arguments were supplied\u001b[0m\n\u001b[0m   \u001b[0m\u001b[0m\u001b[1m\u001b[38;5;12m--> \u001b[0m\u001b[0msrc/lib.rs:69:29\u001b[0m\n\u001b[0m    \u001b[0m\u001b[0m\u001b[1m\u001b[38;5;12m|\u001b[0m\n\u001b[0m\u001b[1m\u001b[38;5;12m69\u001b[0m\u001b[0m  \u001b[0m\u001b[0m\u001b[1m\u001b[38;5;12m|\u001b[0m\u001b[0m \u001b[0m\u001b[0m    let _ = stream.as_mut().poll_flush().await.unwrap();\u001b[0m\n\u001b[0m    \u001b[0m\u001b[0m\u001b[1m\u001b[38;5;12m| \u001b[0m\u001b[0m                            \u001b[0m\u001b[0m\u001b[1m\u001b[38;5;9m^^^^^^^^^^\u001b[0m\u001b[0m\u001b[1m\u001b[38;5;12m--\u001b[0m\u001b[0m \u001b[0m\u001b[0m\u001b[1m\u001b[38;5;12man argument of type `&mut Context<'_>` is missing\u001b[0m\n\u001b[0m    \u001b[0m\u001b[0m\u001b[1m\u001b[38;5;12m|\u001b[0m\n\u001b[0m\u001b[1m\u001b[38;5;10mnote\u001b[0m\u001b[0m: method defined here\u001b[0m\n\u001b[0m   \u001b[0m\u001b[0m\u001b[1m\u001b[38;5;12m--> \u001b[0m\u001b[0m/home/star/.cargo/registry/src/index.crates.io-6f17d22bba15001f/futures-io-0.3.31/src/lib.rs:193:12\u001b[0m\n\u001b[0m    \u001b[0m\u001b[0m\u001b[1m\u001b[38;5;12m|\u001b[0m\n\u001b[0m\u001b[1m\u001b[38;5;12m193\u001b[0m\u001b[0m \u001b[0m\u001b[0m\u001b[1m\u001b[38;5;12m|\u001b[0m\u001b[0m \u001b[0m\u001b[0m        fn poll_flush(self: Pin<&mut Self>, cx: &mut Context<'_>) -> Poll<Result<()>>;\u001b[0m\n\u001b[0m    \u001b[0m\u001b[0m\u001b[1m\u001b[38;5;12m| \u001b[0m\u001b[0m           \u001b[0m\u001b[0m\u001b[1m\u001b[38;5;10m^^^^^^^^^^\u001b[0m\n\u001b[0m\u001b[1m\u001b[38;5;14mhelp\u001b[0m\u001b[0m: provide the argument\u001b[0m\n\u001b[0m    \u001b[0m\u001b[0m\u001b[1m\u001b[38;5;12m|\u001b[0m\n\u001b[0m\u001b[1m\u001b[38;5;12m69\u001b[0m\u001b[0m  \u001b[0m\u001b[0m\u001b[1m\u001b[38;5;12m| \u001b[0m\u001b[0m    let _ = stream.as_mut().poll_flush\u001b[0m\u001b[0m\u001b[38;5;10m(/* &mut Context<'_> */)\u001b[0m\u001b[0m.await.unwrap();\u001b[0m\n\u001b[0m    \u001b[0m\u001b[0m\u001b[1m\u001b[38;5;12m|\u001b[0m\u001b[0m                                       \u001b[0m\u001b[0m\u001b[38;5;10m~~~~~~~~~~~~~~~~~~~~~~~~\u001b[0m\n\n"}
{"$message_type":"diagnostic","message":"`Poll<Result<(), std::io::Error>>` is not a future","code":{"code":"E0277","explanation":"You tried to use a type which doesn't implement some trait in a place which\nexpected that trait.\n\nErroneous code example:\n\n```compile_fail,E0277\n// here we declare the Foo trait with a bar method\ntrait Foo {\n    fn bar(&self);\n}\n\n// we now declare a function which takes an object implementing the Foo trait\nfn some_func<T: Foo>(foo: T) {\n    foo.bar();\n}\n\nfn main() {\n    // we now call the method with the i32 type, which doesn't implement\n    // the Foo trait\n    some_func(5i32); // error: the trait bound `i32 : Foo` is not satisfied\n}\n```\n\nIn order to fix this error, verify that the type you're using does implement\nthe trait. Example:\n\n```\ntrait Foo {\n    fn bar(&self);\n}\n\n// we implement the trait on the i32 type\nimpl Foo for i32 {\n    fn bar(&self) {}\n}\n\nfn some_func<T: Foo>(foo: T) {\n    foo.bar(); // we can now use this method since i32 implements the\n               // Foo trait\n}\n\nfn main() {\n    some_func(5i32); // ok!\n}\n```\n\nOr in a generic context, an erroneous code example would look like:\n\n```compile_fail,E0277\nfn some_func<T>(foo: T) {\n    println!(\"{:?}\", foo); // error: the trait `core::fmt::Debug` is not\n                           //        implemented for the type `T`\n}\n\nfn main() {\n    // We now call the method with the i32 type,\n    // which *does* implement the Debug trait.\n    some_func(5i32);\n}\n```\n\nNote that the error here is in the definition of the generic function. Although\nwe only call it with a parameter that does implement `Debug`, the compiler\nstill rejects the function. It must work with all possible input types. In\norder to make this example compile, we need to restrict the generic type we're\naccepting:\n\n```\nuse std::fmt;\n\n// Restrict the input type to types that implement Debug.\nfn some_func<T: fmt::Debug>(foo: T) {\n    println!(\"{:?}\", foo);\n}\n\nfn main() {\n    // Calling the method is still fine, as i32 implements Debug.\n    some_func(5i32);\n\n    // This would fail to compile now:\n    // struct WithoutDebug;\n    // some_func(WithoutDebug);\n}\n```\n\nRust only looks at the signature of the called function, as such it must\nalready specify all requirements that will be used for every type parameter.\n"},"level":"error","spans":[{"file_name":"src/lib.rs","byte_start":1946,"byte_end":1951,"line_start":69,"line_end":69,"column_start":42,"column_end":47,"is_primary":true,"text":[{"text":"    let _ = stream.as_mut().poll_flush().await.unwrap();","highlight_start":42,"highlight_end":47}],"label":"`Poll<Result<(), std::io::Error>>` is not a future","suggested_replacement":null,"suggestion_applicability":null,"expansion":{"span":{"file_name":"src/lib.rs","byte_start":1946,"byte_end":1951,"line_start":69,"line_end":69,"column_start":42,"column_end":47,"is_primary":false,"text":[{"text":"    let _ = stream.as_mut().poll_flush().await.unwrap();","highlight_start":42,"highlight_end":47}],"label":null,"suggested_replacement":null,"suggestion_applicability":null,"expansion":null},"macro_decl_name":"desugaring of `await` expression","def_site_span":{"file_name":"src/lib.rs","byte_start":0,"byte_end":0,"line_start":1,"line_end":1,"column_start":1,"column_end":1,"is_primary":false,"text":[],"label":null,"suggested_replacement":null,"suggestion_applicability":null,"expansion":null}}}],"children":[{"message":"the trait `futures::Future` is not implemented for `Poll<Result<(), std::io::Error>>`, which is required by `Poll<Result<(), std::io::Error>>: std::future::IntoFuture`","code":null,"level":"help","spans":[],"children":[],"rendered":null},{"message":"Poll<Result<(), std::io::Error>> must be a future or must implement `IntoFuture` to be awaited","code":null,"level":"note","spans":[],"children":[],"rendered":null},{"message":"required for `Poll<Result<(), std::io::Error>>` to implement `std::future::IntoFuture`","code":null,"level":"note","spans":[],"children":[],"rendered":null},{"message":"remove the `.await`","code":null,"level":"help","spans":[{"file_name":"src/lib.rs","byte_start":1945,"byte_end":1951,"line_start":69,"line_end":69,"column_start":41,"column_end":47,"is_primary":true,"text":[{"text":"    let _ = stream.as_mut().poll_flush().await.unwrap();","highlight_start":41,"highlight_end":47}],"label":null,"suggested_replacement":"","suggestion_applicability":"MachineApplicable","expansion":null}],"children":[],"rendered":null}],"rendered":"\u001b[0m\u001b[1m\u001b[38;5;9merror[E0277]\u001b[0m\u001b[0m\u001b[1m: `Poll<Result<(), std::io::Error>>` is not a future\u001b[0m\n\u001b[0m  \u001b[0m\u001b[0m\u001b[1m\u001b[38;5;12m--> \u001b[0m\u001b[0msrc/lib.rs:69:42\u001b[0m\n\u001b[0m   \u001b[0m\u001b[0m\u001b[1m\u001b[38;5;12m|\u001b[0m\n\u001b[0m\u001b[1m\u001b[38;5;12m69\u001b[0m\u001b[0m \u001b[0m\u001b[0m\u001b[1m\u001b[38;5;12m|\u001b[0m\u001b[0m \u001b[0m\u001b[0m    let _ = stream.as_mut().poll_flush().await.unwrap();\u001b[0m\n\u001b[0m   \u001b[0m\u001b[0m\u001b[1m\u001b[38;5;12m| \u001b[0m\u001b[0m                                        \u001b[0m\u001b[0m\u001b[1m\u001b[38;5;12m-\u001b[0m\u001b[0m\u001b[1m\u001b[38;5;9m^^^^^\u001b[0m\n\u001b[0m   \u001b[0m\u001b[0m\u001b[1m\u001b[38;5;12m| \u001b[0m\u001b[0m                                        \u001b[0m\u001b[0m\u001b[1m\u001b[38;5;12m|\u001b[0m\u001b[0m\u001b[1m\u001b[38;5;9m|\u001b[0m\n\u001b[0m   \u001b[0m\u001b[0m\u001b[1m\u001b[38;5;12m| \u001b[0m\u001b[0m                                        \u001b[0m\u001b[0m\u001b[1m\u001b[38;5;12m|\u001b[0m\u001b[0m\u001b[1m\u001b[38;5;9m`Poll<Result<(), std::io::Error>>` is not a future\u001b[0m\n\u001b[0m   \u001b[0m\u001b[0m\u001b[1m\u001b[38;5;12m| \u001b[0m\u001b[0m                                        \u001b[0m\u001b[0m\u001b[1m\u001b[38;5;12mhelp: remove the `.await`\u001b[0m\n\u001b[0m   \u001b[0m\u001b[0m\u001b[1m\u001b[38;5;12m|\u001b[0m\n\u001b[0m   \u001b[0m\u001b[0m\u001b[1m\u001b[38;5;12m= \u001b[0m\u001b[0m\u001b[1mhelp\u001b[0m\u001b[0m: the trait `futures::Future` is not implemented for `Poll<Result<(), std::io::Error>>`, which is required by `Poll<Result<(), std::io::Error>>: std::future::IntoFuture`\u001b[0m\n\u001b[0m   \u001b[0m\u001b[0m\u001b[1m\u001b[38;5;12m= \u001b[0m\u001b[0m\u001b[1mnote\u001b[0m\u001b[0m: Poll<Result<(), std::io::Error>> must be a future or must implement `IntoFuture` to be awaited\u001b[0m\n\u001b[0m   \u001b[0m\u001b[0m\u001b[1m\u001b[38;5;12m= \u001b[0m\u001b[0m\u001b[1mnote\u001b[0m\u001b[0m: required for `Poll<Result<(), std::io::Error>>` to implement `std::future::IntoFuture`\u001b[0m\n\n"}
{"$message_type":"diagnostic","message":"no method named `poll_read` found for struct `MockTcpStream` in the current scope","code":{"code":"E0599","explanation":"This error occurs when a method is used on a type which doesn't implement it:\n\nErroneous code example:\n\n```compile_fail,E0599\nstruct Mouth;\n\nlet x = Mouth;\nx.chocolate(); // error: no method named `chocolate` found for type `Mouth`\n               //        in the current scope\n```\n\nIn this case, you need to implement the `chocolate` method to fix the error:\n\n```\nstruct Mouth;\n\nimpl Mouth {\n    fn chocolate(&self) { // We implement the `chocolate` method here.\n        println!(\"Hmmm! I love chocolate!\");\n    }\n}\n\nlet x = Mouth;\nx.chocolate(); // ok!\n```\n"},"level":"error","spans":[{"file_name":"src/lib.rs","byte_start":2412,"byte_end":2421,"line_start":85,"line_end":85,"column_start":20,"column_end":29,"is_primary":true,"text":[{"text":"    let _ = stream.poll_read(&mut buf).await.unwrap();","highlight_start":20,"highlight_end":29}],"label":"method not found in `MockTcpStream`","suggested_replacement":null,"suggestion_applicability":null,"expansion":null},{"file_name":"src/lib.rs","byte_start":203,"byte_end":223,"line_start":10,"line_end":10,"column_start":1,"column_end":21,"is_primary":false,"text":[{"text":"struct MockTcpStream {","highlight_start":1,"highlight_end":21}],"label":"method `poll_read` not found for this struct","suggested_replacement":null,"suggestion_applicability":null,"expansion":null}],"children":[{"message":"items from traits can only be used if the trait is implemented and in scope","code":null,"level":"help","spans":[],"children":[],"rendered":null},{"message":"the following trait defines an item `poll_read`, perhaps you need to implement it:\ncandidate #1: `AsyncRead`","code":null,"level":"note","spans":[],"children":[],"rendered":null},{"message":"the following trait is implemented but not in scope; perhaps add a `use` for it:","code":null,"level":"help","spans":[{"file_name":"src/lib.rs","byte_start":0,"byte_end":0,"line_start":1,"line_end":1,"column_start":1,"column_end":1,"is_primary":true,"text":[],"label":null,"suggested_replacement":"use futures::AsyncRead;\n","suggestion_applicability":"MaybeIncorrect","expansion":null}],"children":[],"rendered":null}],"rendered":"\u001b[0m\u001b[1m\u001b[38;5;9merror[E0599]\u001b[0m\u001b[0m\u001b[1m: no method named `poll_read` found for struct `MockTcpStream` in the current scope\u001b[0m\n\u001b[0m  \u001b[0m\u001b[0m\u001b[1m\u001b[38;5;12m--> \u001b[0m\u001b[0msrc/lib.rs:85:20\u001b[0m\n\u001b[0m   \u001b[0m\u001b[0m\u001b[1m\u001b[38;5;12m|\u001b[0m\n\u001b[0m\u001b[1m\u001b[38;5;12m10\u001b[0m\u001b[0m \u001b[0m\u001b[0m\u001b[1m\u001b[38;5;12m|\u001b[0m\u001b[0m \u001b[0m\u001b[0mstruct MockTcpStream {\u001b[0m\n\u001b[0m   \u001b[0m\u001b[0m\u001b[1m\u001b[38;5;12m| \u001b[0m\u001b[0m\u001b[1m\u001b[38;5;12m--------------------\u001b[0m\u001b[0m \u001b[0m\u001b[0m\u001b[1m\u001b[38;5;12mmethod `poll_read` not found for this struct\u001b[0m\n\u001b[0m\u001b[1m\u001b[38;5;12m...\u001b[0m\n\u001b[0m\u001b[1m\u001b[38;5;12m85\u001b[0m\u001b[0m \u001b[0m\u001b[0m\u001b[1m\u001b[38;5;12m|\u001b[0m\u001b[0m \u001b[0m\u001b[0m    let _ = stream.poll_read(&mut buf).await.unwrap();\u001b[0m\n\u001b[0m   \u001b[0m\u001b[0m\u001b[1m\u001b[38;5;12m| \u001b[0m\u001b[0m                   \u001b[0m\u001b[0m\u001b[1m\u001b[38;5;9m^^^^^^^^^\u001b[0m\u001b[0m \u001b[0m\u001b[0m\u001b[1m\u001b[38;5;9mmethod not found in `MockTcpStream`\u001b[0m\n\u001b[0m   \u001b[0m\u001b[0m\u001b[1m\u001b[38;5;12m|\u001b[0m\n\u001b[0m   \u001b[0m\u001b[0m\u001b[1m\u001b[38;5;12m= \u001b[0m\u001b[0m\u001b[1mhelp\u001b[0m\u001b[0m: items from traits can only be used if the trait is implemented and in scope\u001b[0m\n\u001b[0m   \u001b[0m\u001b[0m\u001b[1m\u001b[38;5;12m= \u001b[0m\u001b[0m\u001b[1mnote\u001b[0m\u001b[0m: the following trait defines an item `poll_read`, perhaps you need to implement it:\u001b[0m\n\u001b[0m           candidate #1: `AsyncRead`\u001b[0m\n\u001b[0m\u001b[1m\u001b[38;5;14mhelp\u001b[0m\u001b[0m: the following trait is implemented but not in scope; perhaps add a `use` for it:\u001b[0m\n\u001b[0m   \u001b[0m\u001b[0m\u001b[1m\u001b[38;5;12m|\u001b[0m\n\u001b[0m\u001b[1m\u001b[38;5;12m1\u001b[0m\u001b[0m  \u001b[0m\u001b[0m\u001b[38;5;10m+ use futures::AsyncRead;\u001b[0m\n\u001b[0m   \u001b[0m\u001b[0m\u001b[1m\u001b[38;5;12m|\u001b[0m\n\n"}
{"$message_type":"diagnostic","message":"aborting due to 12 previous errors","code":null,"level":"error","spans":[],"children":[],"rendered":"\u001b[0m\u001b[1m\u001b[38;5;9merror\u001b[0m\u001b[0m\u001b[1m: aborting due to 12 previous errors\u001b[0m\n\n"}
{"$message_type":"diagnostic","message":"Some errors have detailed explanations: E0061, E0186, E0277, E0432, E0599.","code":null,"level":"failure-note","spans":[],"children":[],"rendered":"\u001b[0m\u001b[1mSome errors have detailed explanations: E0061, E0186, E0277, E0432, E0599.\u001b[0m\n"}
{"$message_type":"diagnostic","message":"For more information about an error, try `rustc --explain E0061`.","code":null,"level":"failure-note","spans":[],"children":[],"rendered":"\u001b[0m\u001b[1mFor more information about an error, try `rustc --explain E0061`.\u001b[0m\n"}
